<?xml version="1.0" encoding="UTF-8"?>
<!-- Generated by org.testng.reporters.JUnitReportReporter -->
<testsuite skipped="0" hostname="Mds-MacBook-Air-2.local" name="com.test.sanity.SanityTest" tests="2" failures="0" timestamp="2020-12-06T14:52:48 EST" time="0.005" errors="0">
  <testcase name="testOne" time="0.003" classname="com.test.sanity.SanityTest"/>
  <system-out/>
  <testcase name="test2" time="0.002" classname="com.test.sanity.SanityTest"/>
  <system-out/>
</testsuite> <!-- com.test.sanity.SanityTest -->
