<?xml version="1.0" encoding="UTF-8"?>
<!-- Generated by org.testng.reporters.JUnitReportReporter -->
<testsuite skipped="0" hostname="Mds-MacBook-Air-2.local" name="demo.Log4JDemo" tests="1" failures="0" timestamp="2021-01-13T21:49:31 EST" time="0.022" errors="0">
  <testcase name="testOne" time="0.022" classname="demo.Log4JDemo"/>
  <system-out/>
</testsuite> <!-- demo.Log4JDemo -->
