<?xml version="1.0" encoding="UTF-8"?>
<!-- Generated by org.testng.reporters.JUnitReportReporter -->
<testsuite skipped="0" hostname="Mds-MacBook-Air-2.local" name="excelDtaprovider.BaseTest" tests="1" failures="0" timestamp="2021-01-17T15:16:03 EST" time="1.270" errors="0">
  <testcase name="ExceRead" time="1.270" classname="excelDtaprovider.BaseTest"/>
  <system-out/>
</testsuite> <!-- excelDtaprovider.BaseTest -->
