<?xml version="1.0" encoding="UTF-8"?>
<!-- Generated by org.testng.reporters.JUnitReportReporter -->
<testsuite skipped="1" hostname="Mds-MacBook-Air-2.local" name="TestngData.LoginTest" tests="1" failures="0" timestamp="2021-01-14T22:31:25 EST" time="0.000" errors="0">
  <testcase name="loginTest" time="0.000" classname="TestngData.LoginTest">
    <skipped/>
  </testcase> <!-- loginTest -->
  <system-out/>
</testsuite> <!-- TestngData.LoginTest -->
