<?xml version="1.0" encoding="UTF-8"?>
<!-- Generated by org.testng.reporters.JUnitReportReporter -->
<testsuite skipped="0" hostname="Mds-MacBook-Air-2.local" name="testdataprovider.TestDataprovider" tests="3" failures="0" timestamp="2021-01-17T15:21:24 EST" time="0.014" errors="0">
  <testcase name="testDAta" time="0.002" classname="testdataprovider.TestDataprovider"/>
  <system-out/>
  <testcase name="testDAta" time="0.002" classname="testdataprovider.TestDataprovider"/>
  <system-out/>
  <testcase name="testDAta" time="0.010" classname="testdataprovider.TestDataprovider"/>
  <system-out/>
</testsuite> <!-- testdataprovider.TestDataprovider -->
